<?xml version="1.0" encoding="UTF-8"?>
<testsuite xmlns:xsi="http://www.w3.org/2001/XMLSchema-instance" xsi:noNamespaceSchemaLocation="https://maven.apache.org/surefire/maven-surefire-plugin/xsd/surefire-test-report-3.0.xsd" version="3.0" name="TestSuite" time="1174.038" tests="24" errors="0" skipped="0" failures="0">
  <properties>
[...]
</properties>
  <testcase name="runScenario[&quot;Launch Browser&quot;, &quot;A Smoke Testing&quot;](1)" classname="testRunner.TestRun2" time="7.484">
    <system-out><![CDATA[
@smoke @smoke
Scenario: Launch Browser               # src/test/resources/FeatureFiles/f001_Smoke.feature:5
  Given user should launch the browser # stepDefinition.smokeSteps.user_should_launch_the_browser()

    Embedding Launch Browser [image/png 295046 bytes]

  When user navigates to url           # stepDefinition.smokeSteps.user_navigates_to_url()

    Embedding Launch Browser [image/png 295046 bytes]

  Then Web page should load            # stepDefinition.smokeSteps.web_page_should_load()

    Embedding Launch Browser [image/png 295046 bytes]

]]></system-out>
    <system-err><![CDATA[SLF4J(W): No SLF4J providers were found.
SLF4J(W): Defaulting to no-operation (NOP) logger implementation
SLF4J(W): See https://www.slf4j.org/codes.html#noProviders for further details.
]]></system-err>
  </testcase>
  <testcase name="runScenario[&quot;Validate search box&quot;, &quot;A Smoke Testing&quot;](2)" classname="testRunner.TestRun2" time="5.245">
    <system-out><![CDATA[
@smoke @smoke
Scenario: Validate search box                # src/test/resources/FeatureFiles/f001_Smoke.feature:11
  Given user should be on courseera homepage # stepDefinition.SearchDefinitions.user_should_be_on_courseera_homepage()

    Embedding Validate search box [image/png 295046 bytes]

  Then search box should displayed           # stepDefinition.smokeSteps.search_box_should_displayed()

    Embedding Validate search box [image/png 295046 bytes]

]]></system-out>
  </testcase>
  <testcase name="runScenario[&quot;Validate Search Icon&quot;, &quot;A Smoke Testing&quot;](3)" classname="testRunner.TestRun2" time="14.77">
    <system-out><![CDATA[
@smoke @smoke
Scenario: Validate Search Icon                  # src/test/resources/FeatureFiles/f001_Smoke.feature:16
  Given user should be on courssera homepage    # stepDefinition.smokeSteps.user_should_be_on_courssera_homepage()

    Embedding Validate Search Icon [image/png 295046 bytes]

  When user search for "Web Development" course # stepDefinition.smokeSteps.user_search_for_course(java.lang.String)

    Embedding Validate Search Icon [image/png 454027 bytes]

  Then user should see all courses.             # stepDefinition.smokeSteps.user_should_see_all_courses()

    Embedding Validate Search Icon [image/png 454027 bytes]

]]></system-out>
  </testcase>
  <testcase name="runScenario[&quot;Validate show more link&quot;, &quot;A Smoke Testing&quot;](4)" classname="testRunner.TestRun2" time="2.206">
    <system-out><![CDATA[
@smoke @smoke
Scenario: Validate show more link                     # src/test/resources/FeatureFiles/f001_Smoke.feature:22
  Given user should see all the courses               # stepDefinition.smokeSteps.user_should_see_all_the_courses()

    Embedding Validate show more link [image/png 454027 bytes]

  When user clicks on show more link                  # stepDefinition.smokeSteps.user_clicks_on_show_more_link()

    Embedding Validate show more link [image/png 193597 bytes]

  Then user should see all available language options # stepDefinition.smokeSteps.user_should_see_all_available_language_options()

    Embedding Validate show more link [image/png 503707 bytes]

]]></system-out>
  </testcase>
  <testcase name="runScenario[&quot;Validate filters&quot;, &quot;A Smoke Testing&quot;](5)" classname="testRunner.TestRun2" time="4.651">
    <system-out><![CDATA[
@smoke @smoke
Scenario: Validate filters              # src/test/resources/FeatureFiles/f001_Smoke.feature:28
  Given user should see all the courses # stepDefinition.smokeSteps.user_should_see_all_the_courses()

    Embedding Validate filters [image/png 503707 bytes]

  When user clicks on Beginner level    # stepDefinition.smokeSteps.user_clicks_on_beginner_level()

    Embedding Validate filters [image/png 104546 bytes]

  Then checkbox should be selected.     # stepDefinition.smokeSteps.checkbox_should_be_selected()

    Embedding Validate filters [image/png 439040 bytes]

]]></system-out>
  </testcase>
  <testcase name="runScenario[&quot;Validate first navigation links&quot;, &quot;A Smoke Testing&quot;](6)" classname="testRunner.TestRun2" time="15.876">
    <system-out><![CDATA[
@smoke @smoke
Scenario: Validate first navigation links    # src/test/resources/FeatureFiles/f001_Smoke.feature:34
  Given user should be on courssera homepage # stepDefinition.smokeSteps.user_should_be_on_courssera_homepage()

    Embedding Validate first navigation links [image/png 295046 bytes]

  When user clicks on for individual link    # stepDefinition.smokeSteps.user_clicks_on_for_individual_link()

    Embedding Validate first navigation links [image/png 295046 bytes]

  Then user should see courseera homepage    # stepDefinition.smokeSteps.user_should_see_courseera_homepage()

    Embedding Validate first navigation links [image/png 295046 bytes]

]]></system-out>
  </testcase>
  <testcase name="runScenario[&quot;Validate second navigation links&quot;, &quot;A Smoke Testing&quot;](7)" classname="testRunner.TestRun2" time="133.865">
    <system-out><![CDATA[
@smoke @smoke
Scenario: Validate second navigation links   # src/test/resources/FeatureFiles/f001_Smoke.feature:40
  Given user should be on courssera homepage # stepDefinition.smokeSteps.user_should_be_on_courssera_homepage()

    Embedding Validate second navigation links [image/png 295046 bytes]

  When user clicks on for buiseness link     # stepDefinition.smokeSteps.user_clicks_on_for_buiseness_link()

    Embedding Validate second navigation links [image/png 674792 bytes]

  Then user should see buiseness page.       # stepDefinition.smokeSteps.user_should_see_buiseness_page()

    Embedding Validate second navigation links [image/png 674792 bytes]

]]></system-out>
  </testcase>
  <testcase name="runScenario[&quot;Validate third navigation links&quot;, &quot;A Smoke Testing&quot;](8)" classname="testRunner.TestRun2" time="14.496">
    <system-out><![CDATA[
@smoke @smoke
Scenario: Validate third navigation links    # src/test/resources/FeatureFiles/f001_Smoke.feature:46
  Given user should be on courssera homepage # stepDefinition.smokeSteps.user_should_be_on_courssera_homepage()

    Embedding Validate third navigation links [image/png 295046 bytes]

  When user clicks on for universities link  # stepDefinition.smokeSteps.user_clicks_on_for_universities_link()

    Embedding Validate third navigation links [image/png 814715 bytes]

  Then user should see for campus page       # stepDefinition.smokeSteps.user_should_see_for_campus_page()

    Embedding Validate third navigation links [image/png 814715 bytes]

]]></system-out>
  </testcase>
  <testcase name="runScenario[&quot;Validate Solution dropdown&quot;, &quot;A Smoke Testing&quot;](9)" classname="testRunner.TestRun2" time="8.074">
    <system-out><![CDATA[
@smoke @smoke
Scenario: Validate Solution dropdown        # src/test/resources/FeatureFiles/f001_Smoke.feature:52
  Given user should see buieness page       # stepDefinition.smokeSteps.user_should_see_buieness_page()

    Embedding Validate Solution dropdown [image/png 699004 bytes]

  When user clicks on the solution dropdown # stepDefinition.smokeSteps.user_clicks_on_the_solution_dropdown()

    Embedding Validate Solution dropdown [image/png 101693 bytes]

  Then user should see  solutions options   # stepDefinition.smokeSteps.user_should_see_solutions_options()

    Embedding Validate Solution dropdown [image/png 699587 bytes]

]]></system-out>
  </testcase>
  <testcase name="runScenario[&quot;Validate Solution dropdown options&quot;, &quot;A Smoke Testing&quot;](10)" classname="testRunner.TestRun2" time="7.123">
    <system-out><![CDATA[
@smoke @smoke
Scenario: Validate Solution dropdown options   # src/test/resources/FeatureFiles/f001_Smoke.feature:58
  Given user should click on solution dropdown # stepDefinition.smokeSteps.user_should_click_on_solution_dropdown()

    Embedding Validate Solution dropdown options [image/png 104096 bytes]

  When user clicks on For Campus option        # stepDefinition.smokeSteps.user_clicks_on_for_campus_option()

    Embedding Validate Solution dropdown options [image/png 814715 bytes]

  Then user should see for campus page         # stepDefinition.smokeSteps.user_should_see_for_campus_page()

    Embedding Validate Solution dropdown options [image/png 814715 bytes]

]]></system-out>
  </testcase>
  <testcase name="runScenario[&quot;Search For Courses&quot;, &quot;MainFeatureFile&quot;](11)" classname="testRunner.TestRun2" time="23.441">
    <system-out><![CDATA[
Scenario: Search For Courses                     # src/test/resources/FeatureFiles/f002_Main.feature:3
  Given user should be on courseera homepage     # stepDefinition.SearchDefinitions.user_should_be_on_courseera_homepage()

    Embedding Search For Courses [image/png 295046 bytes]

  When user search for "Web Development" courses # stepDefinition.SearchDefinitions.user_search_for_courses(java.lang.String)

    Embedding Search For Courses [image/png 454027 bytes]

  And user clicks on show more link              # stepDefinition.smokeSteps.user_clicks_on_show_more_link()

    Embedding Search For Courses [image/png 193699 bytes]

  And user select English language               # stepDefinition.SearchDefinitions.user_select_english_language()

    Embedding Search For Courses [image/png 73646 bytes]

  And user select beginners level                # stepDefinition.SearchDefinitions.user_select_beginners_level()

    Embedding Search For Courses [image/png 104546 bytes]

  Then user should click on top two courses      # stepDefinition.SearchDefinitions.user_should_click_on_top_two_courses()

    Embedding Search For Courses [image/png 347255 bytes]

]]></system-out>
  </testcase>
  <testcase name="runScenario[&quot;Capture Course Details&quot;, &quot;MainFeatureFile&quot;](12)" classname="testRunner.TestRun2" time="19.214">
    <system-out><![CDATA[
Scenario: Capture Course Details              # src/test/resources/FeatureFiles/f002_Main.feature:11
  Given user should be on first course page   # stepDefinition.DetailsSteps.user_should_be_on_first_course_page()

    Embedding Capture Course Details [image/png 178352 bytes]

  When user capture the first course details  # stepDefinition.DetailsSteps.user_capture_the_first_course_details()

    Embedding Capture Course Details [image/png 178348 bytes]


*******************Printing First Course Details*******************

Course Name:- Meta Front-End Developer Professional Certificate
Course Ratings:- 4.7
Course Duration:- 7 months at 6 hours a week
  Then display the first course details       # stepDefinition.DetailsSteps.display_the_first_course_details()

    Embedding Capture Course Details [image/png 178348 bytes]

  Given user should be on second course page  # stepDefinition.DetailsSteps.user_should_be_on_second_course_page()

    Embedding Capture Course Details [image/png 211228 bytes]

  When user capture the second course details # stepDefinition.DetailsSteps.user_capture_the_second_course_details()

    Embedding Capture Course Details [image/png 211228 bytes]


*******************Printing Second Course Details*******************

Course Name:- Web Design for Everybody: Basics of Web Development & Coding Specialization
Course Ratings:- 4.8
Course Duration:- 2 months at 10 hours a week
  Then display the second course details      # stepDefinition.DetailsSteps.display_the_secind_course_details()

    Embedding Capture Course Details [image/png 211228 bytes]

]]></system-out>
  </testcase>
  <testcase name="runScenario[&quot;Language Learning&quot;, &quot;MainFeatureFile&quot;](13)" classname="testRunner.TestRun2" time="16.566">
    <system-out><![CDATA[
Scenario: Language Learning                        # src/test/resources/FeatureFiles/f002_Main.feature:19
  Given user should be on homepage                 # stepDefinition.languageSteps.user_should_be_on_homepage()

    Embedding Language Learning [image/png 295046 bytes]

  When User look for "Language Learning"           # stepDefinition.languageSteps.user_look_for(java.lang.String)

    Embedding Language Learning [image/png 318670 bytes]

  And user clicks on show more link                # stepDefinition.smokeSteps.user_clicks_on_show_more_link()

    Embedding Language Learning [image/png 184672 bytes]

  And user extract all languages                   # stepDefinition.languageSteps.user_extract_all_languages()

    Embedding Language Learning [image/png 356885 bytes]

Total Count Of Levels:-4
  And user extract all levels                      # stepDefinition.languageSteps.user_extract_all_levels()

    Embedding Language Learning [image/png 356885 bytes]


*********************All available languages*********************

Total Count Of Languages:-24
English
Spanish
Arabic
French
Chinese
Portuguese
German
Indonesian
Hindi
Italian
Swedish
Dutch
Greek
Polish
Thai
Turkish
Ukrainian
Russian
Kazakh
Hungarian
Japanese
Korean
Chinese
Hebrew

*********************All available levels*********************

Total Count Of Levels:-4
Beginner
Intermediate
Advanced
Mixed
  Then user display langauge and level information # stepDefinition.languageSteps.user_display_langauge_and_level_information()

    Embedding Language Learning [image/png 356885 bytes]

]]></system-out>
  </testcase>
  <testcase name="runScenario[&quot;Navigate to form&quot;, &quot;MainFeatureFile&quot;](14)" classname="testRunner.TestRun2" time="63.126">
    <system-out><![CDATA[
Scenario: Navigate to form                    # src/test/resources/FeatureFiles/f002_Main.feature:27
  Given user should be on For Enterprise page # stepDefinition.formSteps.user_should_be_on_for_enterprise_page()

    Embedding Navigate to form [image/png 699004 bytes]

  When user clicks on solution dropdown       # stepDefinition.formSteps.user_clicks_on_solution_dropdown()

    Embedding Navigate to form [image/png 118136 bytes]

  And user click on For Campus option         # stepDefinition.formSteps.user_click_on_for_campus_option()

    Embedding Navigate to form [image/png 814715 bytes]

]]></system-out>
  </testcase>
  <testcase name="runScenario[&quot;Fill The Form&quot;, &quot;MainFeatureFile&quot;](15)" classname="testRunner.TestRun2" time="40.385">
    <system-out><![CDATA[
Scenario Outline: Fill The Form                                                                       # src/test/resources/FeatureFiles/f002_Main.feature:40
  Given user should scroll down to the form                                                           # stepDefinition.formSteps.user_should_scroll_down_to_the_form()

    Embedding Fill The Form [image/png 98549 bytes]

  When user fills the form with "test","test","test@cognizant.com","9876545321","test","test","valid" # stepDefinition.formSteps.user_fills_the_form(java.lang.String,java.lang.String,java.lang.String,java.lang.String,java.lang.String,java.lang.String,java.lang.String)

    Embedding Fill The Form [image/png 169811 bytes]

  And user submits the form                                                                           # stepDefinition.formSteps.user_submits_the_form()

    Embedding Fill The Form [image/png 101581 bytes]


*********************Message after submiting valid data*********************
Thank you for your interest in Coursera for Campus  Then user should capture "valid" message                                                            # stepDefinition.formSteps.user_should_capture_the_message(java.lang.String)

    Embedding Fill The Form [image/png 99413 bytes]

]]></system-out>
  </testcase>
  <testcase name="runScenario[&quot;Fill The Form&quot;, &quot;MainFeatureFile&quot;](16)" classname="testRunner.TestRun2" time="37.52">
    <system-out><![CDATA[
Scenario Outline: Fill The Form                                                                # src/test/resources/FeatureFiles/f002_Main.feature:41
  Given user should scroll down to the form                                                    # stepDefinition.formSteps.user_should_scroll_down_to_the_form()

    Embedding Fill The Form [image/png 98549 bytes]

  When user fills the form with "test1","test1","test1","7987898765","test1","test1","invalid" # stepDefinition.formSteps.user_fills_the_form(java.lang.String,java.lang.String,java.lang.String,java.lang.String,java.lang.String,java.lang.String,java.lang.String)

    Embedding Fill The Form [image/png 173471 bytes]

  And user submits the form                                                                    # stepDefinition.formSteps.user_submits_the_form()

    Embedding Fill The Form [image/png 139022 bytes]


*********************Message after submiting invalid data*********************
Must be valid email.
example@yourdomain.com  Then user should capture "invalid" message                                                   # stepDefinition.formSteps.user_should_capture_the_message(java.lang.String)

    Embedding Fill The Form [image/png 143241 bytes]

]]></system-out>
  </testcase>
  <testcase name="runScenario[&quot;Validate Search Functionality&quot;, &quot;Regression Feature&quot;](17)" classname="testRunner.TestRun2" time="13.292">
    <system-out><![CDATA[
@Regression @Regression,Sanity
Scenario: Validate Search Functionality         # src/test/resources/FeatureFiles/f003_Regression.feature:5
  Given user should be on courssera homepage    # stepDefinition.smokeSteps.user_should_be_on_courssera_homepage()

    Embedding Validate Search Functionality [image/png 295046 bytes]

  When user search for "Web Development" course # stepDefinition.smokeSteps.user_search_for_course(java.lang.String)

    Embedding Validate Search Functionality [image/png 454001 bytes]

  Then user should see all courses.             # stepDefinition.smokeSteps.user_should_see_all_courses()

    Embedding Validate Search Functionality [image/png 454027 bytes]

]]></system-out>
  </testcase>
  <testcase name="runScenario[&quot;Validate Language Filters&quot;, &quot;Regression Feature&quot;](18)" classname="testRunner.TestRun2" time="64.651">
    <system-out><![CDATA[
@Regression @Regression
Scenario: Validate Language Filters                  # src/test/resources/FeatureFiles/f003_Regression.feature:11
  Given user should be on courssera homepage         # stepDefinition.smokeSteps.user_should_be_on_courssera_homepage()

    Embedding Validate Language Filters [image/png 295046 bytes]

  When user search for "Web Development" course      # stepDefinition.smokeSteps.user_search_for_course(java.lang.String)

    Embedding Validate Language Filters [image/png 454027 bytes]

  And user clicks on show more link                  # stepDefinition.smokeSteps.user_clicks_on_show_more_link()

    Embedding Validate Language Filters [image/png 193597 bytes]

  And user select language English.                  # stepDefinition.RegressionSteps.user_select_language_english()

    Embedding Validate Language Filters [image/png 73646 bytes]

true
  Then user verifies English filter displayed at Top # stepDefinition.RegressionSteps.user_verifies_english_filter_displayed_at_top()

    Embedding Validate Language Filters [image/png 491151 bytes]

]]></system-out>
  </testcase>
  <testcase name="runScenario[&quot;Validate Level Filters&quot;, &quot;Regression Feature&quot;](19)" classname="testRunner.TestRun2" time="17.371">
    <system-out><![CDATA[
@Regression @Regression
Scenario: Validate Level Filters                      # src/test/resources/FeatureFiles/f003_Regression.feature:19
  Given user should be on courssera homepage          # stepDefinition.smokeSteps.user_should_be_on_courssera_homepage()

    Embedding Validate Level Filters [image/png 295046 bytes]

  When user search for "Web Development" course       # stepDefinition.smokeSteps.user_search_for_course(java.lang.String)

    Embedding Validate Level Filters [image/png 454027 bytes]

  And user select level as Beginner                   # stepDefinition.RegressionSteps.user_select_level_as_Beginner()

    Embedding Validate Level Filters [image/png 104546 bytes]

true
  Then user verifies Beginner filter displayed at Top # stepDefinition.RegressionSteps.user_verifies_filter_displayed_at_top()

    Embedding Validate Level Filters [image/png 439040 bytes]

]]></system-out>
  </testcase>
  <testcase name="runScenario[&quot;Validate Course Details&quot;, &quot;Regression Feature&quot;](20)" classname="testRunner.TestRun2" time="16.863">
    <system-out><![CDATA[
@Regression @Regression,Sanity
Scenario: Validate Course Details               # src/test/resources/FeatureFiles/f003_Regression.feature:26
  Given user should be on courssera homepage    # stepDefinition.smokeSteps.user_should_be_on_courssera_homepage()

    Embedding Validate Course Details [image/png 295046 bytes]

  When user search for "Web Development" course # stepDefinition.smokeSteps.user_search_for_course(java.lang.String)

    Embedding Validate Course Details [image/png 454027 bytes]

  And user sees all available courses           # stepDefinition.RegressionSteps.user_sees_all_available_courses()

    Embedding Validate Course Details [image/png 454027 bytes]

true
  And user clicks on the course                 # stepDefinition.RegressionSteps.user_clicks_on_the_course()

    Embedding Validate Course Details [image/png 661123 bytes]

  Then user should get the coursedetails.       # stepDefinition.RegressionSteps.user_should_get_the_coursedetails()

    Embedding Validate Course Details [image/png 178356 bytes]

]]></system-out>
  </testcase>
  <testcase name="runScenario[&quot;Validate Form Registration&quot;, &quot;Regression Feature&quot;](21)" classname="testRunner.TestRun2" time="41.119">
    <system-out><![CDATA[
@Regression @Regression
Scenario: Validate Form Registration                                                                # src/test/resources/FeatureFiles/f003_Regression.feature:43
  Given user should navigate to form page                                                           # stepDefinition.RegressionSteps.user_should_navigate_to_form_page()

    Embedding Validate Form Registration [image/png 814121 bytes]

  When user fills the form with "","test","test@cognizant.com","9876545321","test","test","invalid" # stepDefinition.formSteps.user_fills_the_form(java.lang.String,java.lang.String,java.lang.String,java.lang.String,java.lang.String,java.lang.String,java.lang.String)

    Embedding Validate Form Registration [image/png 143462 bytes]

  And user submits the form                                                                         # stepDefinition.formSteps.user_submits_the_form()

    Embedding Validate Form Registration [image/png 120500 bytes]


*********************Message after submiting invalid data*********************
This field is required.  Then user should capture "invalid" message                                                        # stepDefinition.formSteps.user_should_capture_the_message(java.lang.String)

    Embedding Validate Form Registration [image/png 122825 bytes]

]]></system-out>
  </testcase>
  <testcase name="runScenario[&quot;Validate Form Registration&quot;, &quot;Regression Feature&quot;](22)" classname="testRunner.TestRun2" time="36.122">
    <system-out><![CDATA[
@Regression @Regression
Scenario: Validate Form Registration                                                      # src/test/resources/FeatureFiles/f003_Regression.feature:44
  Given user should navigate to form page                                                 # stepDefinition.RegressionSteps.user_should_navigate_to_form_page()

    Embedding Validate Form Registration [image/png 814121 bytes]

  When user fills the form with "test1","","test1","7987898765","test1","test1","invalid" # stepDefinition.formSteps.user_fills_the_form(java.lang.String,java.lang.String,java.lang.String,java.lang.String,java.lang.String,java.lang.String,java.lang.String)

    Embedding Validate Form Registration [image/png 145063 bytes]

  And user submits the form                                                               # stepDefinition.formSteps.user_submits_the_form()

    Embedding Validate Form Registration [image/png 139193 bytes]


*********************Message after submiting invalid data*********************
This field is required.  Then user should capture "invalid" message                                              # stepDefinition.formSteps.user_should_capture_the_message(java.lang.String)

    Embedding Validate Form Registration [image/png 149633 bytes]

]]></system-out>
  </testcase>
  <testcase name="runScenario[&quot;Validate Form Registration&quot;, &quot;Regression Feature&quot;](23)" classname="testRunner.TestRun2" time="37.527">
    <system-out><![CDATA[
@Regression @Regression
Scenario: Validate Form Registration                                                              # src/test/resources/FeatureFiles/f003_Regression.feature:45
  Given user should navigate to form page                                                         # stepDefinition.RegressionSteps.user_should_navigate_to_form_page()

    Embedding Validate Form Registration [image/png 814715 bytes]

  When user fills the form with "test1","test1","test@cognizant.com","","test1","test1","invalid" # stepDefinition.formSteps.user_fills_the_form(java.lang.String,java.lang.String,java.lang.String,java.lang.String,java.lang.String,java.lang.String,java.lang.String)

    Embedding Validate Form Registration [image/png 142291 bytes]

  And user submits the form                                                                       # stepDefinition.formSteps.user_submits_the_form()

    Embedding Validate Form Registration [image/png 137524 bytes]


*********************Message after submiting invalid data*********************
Must be a phone number.
503-555-1212  Then user should capture "invalid" message                                                      # stepDefinition.formSteps.user_should_capture_the_message(java.lang.String)

    Embedding Validate Form Registration [image/png 146828 bytes]

]]></system-out>
  </testcase>
  <testcase name="runScenario[&quot;Validate Form Registration&quot;, &quot;Regression Feature&quot;](24)" classname="testRunner.TestRun2" time="71.176">
    <system-out><![CDATA[
@Regression @Regression
Scenario: Validate Form Registration                                                                   # src/test/resources/FeatureFiles/f003_Regression.feature:46
  Given user should navigate to form page                                                              # stepDefinition.RegressionSteps.user_should_navigate_to_form_page()

    Embedding Validate Form Registration [image/png 814715 bytes]

  When user fills the form with "test1","test1","test@cognizant.com","7656789213","","test1","invalid" # stepDefinition.formSteps.user_fills_the_form(java.lang.String,java.lang.String,java.lang.String,java.lang.String,java.lang.String,java.lang.String,java.lang.String)

    Embedding Validate Form Registration [image/png 140990 bytes]

  And user submits the form                                                                            # stepDefinition.formSteps.user_submits_the_form()

    Embedding Validate Form Registration [image/png 145668 bytes]


*********************Message after submiting invalid data*********************
This field is required.  Then user should capture "invalid" message                                                           # stepDefinition.formSteps.user_should_capture_the_message(java.lang.String)

    Embedding Validate Form Registration [image/png 147995 bytes]

]]></system-out>
  </testcase>
</testsuite>