<?xml version="1.0" encoding="UTF-8"?>
<testng-results ignored="0" total="24" passed="24" failed="0" skipped="0">
  <reporter-output>
  </reporter-output>
  <suite started-at="2024-03-01T15:34:46 IST" name="Surefire suite" finished-at="2024-03-01T15:48:30 IST" duration-ms="824756">
    <groups>
      <group name="cucumber">
        <method signature="AbstractTestNGCucumberTests.runScenario(io.cucumber.testng.PickleWrapper,io.cucumber.testng.FeatureWrapper)[pri:0, instance:testRunner.TestRun2@5fdcaa40]" name="runScenario" class="io.cucumber.testng.AbstractTestNGCucumberTests"/>
      </group> <!-- cucumber -->
    </groups>
    <test started-at="2024-03-01T15:34:46 IST" name="Surefire test" finished-at="2024-03-01T15:48:30 IST" duration-ms="824756">
      <class name="testRunner.TestRun2">
        <test-method is-config="true" signature="setUpClass(org.testng.ITestContext)[pri:0, instance:testRunner.TestRun2@5fdcaa40]" started-at="2024-03-01T15:34:46 IST" name="setUpClass" finished-at="2024-03-01T15:36:32 IST" duration-ms="106383" status="PASS">
          <params>
            <param index="0">
              <value>
                <![CDATA[org.testng.TestRunner@71897380]]>
              </value>
            </param>
          </params>
          <reporter-output>
          </reporter-output>
        </test-method> <!-- setUpClass -->
        <test-method signature="runScenario(io.cucumber.testng.PickleWrapper,io.cucumber.testng.FeatureWrapper)[pri:0, instance:testRunner.TestRun2@5fdcaa40]" started-at="2024-03-01T15:36:32 IST" name="runScenario" description="Runs Cucumber Scenarios" data-provider="scenarios" finished-at="2024-03-01T15:36:40 IST" duration-ms="7485" status="PASS">
          <params>
            <param index="0">
              <value>
                <![CDATA["Launch Browser"]]>
              </value>
            </param>
            <param index="1">
              <value>
                <![CDATA["A Smoke Testing"]]>
              </value>
            </param>
          </params>
          <reporter-output>
          </reporter-output>
        </test-method> <!-- runScenario -->
        <test-method signature="runScenario(io.cucumber.testng.PickleWrapper,io.cucumber.testng.FeatureWrapper)[pri:0, instance:testRunner.TestRun2@5fdcaa40]" started-at="2024-03-01T15:36:40 IST" name="runScenario" description="Runs Cucumber Scenarios" data-provider="scenarios" finished-at="2024-03-01T15:36:45 IST" duration-ms="5247" status="PASS">
          <params>
            <param index="0">
              <value>
                <![CDATA["Validate search box"]]>
              </value>
            </param>
            <param index="1">
              <value>
                <![CDATA["A Smoke Testing"]]>
              </value>
            </param>
          </params>
          <reporter-output>
          </reporter-output>
        </test-method> <!-- runScenario -->
        <test-method signature="runScenario(io.cucumber.testng.PickleWrapper,io.cucumber.testng.FeatureWrapper)[pri:0, instance:testRunner.TestRun2@5fdcaa40]" started-at="2024-03-01T15:36:45 IST" name="runScenario" description="Runs Cucumber Scenarios" data-provider="scenarios" finished-at="2024-03-01T15:37:00 IST" duration-ms="14770" status="PASS">
          <params>
            <param index="0">
              <value>
                <![CDATA["Validate Search Icon"]]>
              </value>
            </param>
            <param index="1">
              <value>
                <![CDATA["A Smoke Testing"]]>
              </value>
            </param>
          </params>
          <reporter-output>
          </reporter-output>
        </test-method> <!-- runScenario -->
        <test-method signature="runScenario(io.cucumber.testng.PickleWrapper,io.cucumber.testng.FeatureWrapper)[pri:0, instance:testRunner.TestRun2@5fdcaa40]" started-at="2024-03-01T15:37:00 IST" name="runScenario" description="Runs Cucumber Scenarios" data-provider="scenarios" finished-at="2024-03-01T15:37:02 IST" duration-ms="2208" status="PASS">
          <params>
            <param index="0">
              <value>
                <![CDATA["Validate show more link"]]>
              </value>
            </param>
            <param index="1">
              <value>
                <![CDATA["A Smoke Testing"]]>
              </value>
            </param>
          </params>
          <reporter-output>
          </reporter-output>
        </test-method> <!-- runScenario -->
        <test-method signature="runScenario(io.cucumber.testng.PickleWrapper,io.cucumber.testng.FeatureWrapper)[pri:0, instance:testRunner.TestRun2@5fdcaa40]" started-at="2024-03-01T15:37:02 IST" name="runScenario" description="Runs Cucumber Scenarios" data-provider="scenarios" finished-at="2024-03-01T15:37:06 IST" duration-ms="4650" status="PASS">
          <params>
            <param index="0">
              <value>
                <![CDATA["Validate filters"]]>
              </value>
            </param>
            <param index="1">
              <value>
                <![CDATA["A Smoke Testing"]]>
              </value>
            </param>
          </params>
          <reporter-output>
          </reporter-output>
        </test-method> <!-- runScenario -->
        <test-method signature="runScenario(io.cucumber.testng.PickleWrapper,io.cucumber.testng.FeatureWrapper)[pri:0, instance:testRunner.TestRun2@5fdcaa40]" started-at="2024-03-01T15:37:06 IST" name="runScenario" description="Runs Cucumber Scenarios" data-provider="scenarios" finished-at="2024-03-01T15:37:22 IST" duration-ms="15877" status="PASS">
          <params>
            <param index="0">
              <value>
                <![CDATA["Validate first navigation links"]]>
              </value>
            </param>
            <param index="1">
              <value>
                <![CDATA["A Smoke Testing"]]>
              </value>
            </param>
          </params>
          <reporter-output>
          </reporter-output>
        </test-method> <!-- runScenario -->
        <test-method signature="runScenario(io.cucumber.testng.PickleWrapper,io.cucumber.testng.FeatureWrapper)[pri:0, instance:testRunner.TestRun2@5fdcaa40]" started-at="2024-03-01T15:37:22 IST" name="runScenario" description="Runs Cucumber Scenarios" data-provider="scenarios" finished-at="2024-03-01T15:39:36 IST" duration-ms="133865" status="PASS">
          <params>
            <param index="0">
              <value>
                <![CDATA["Validate second navigation links"]]>
              </value>
            </param>
            <param index="1">
              <value>
                <![CDATA["A Smoke Testing"]]>
              </value>
            </param>
          </params>
          <reporter-output>
          </reporter-output>
        </test-method> <!-- runScenario -->
        <test-method signature="runScenario(io.cucumber.testng.PickleWrapper,io.cucumber.testng.FeatureWrapper)[pri:0, instance:testRunner.TestRun2@5fdcaa40]" started-at="2024-03-01T15:39:36 IST" name="runScenario" description="Runs Cucumber Scenarios" data-provider="scenarios" finished-at="2024-03-01T15:39:51 IST" duration-ms="14498" status="PASS">
          <params>
            <param index="0">
              <value>
                <![CDATA["Validate third navigation links"]]>
              </value>
            </param>
            <param index="1">
              <value>
                <![CDATA["A Smoke Testing"]]>
              </value>
            </param>
          </params>
          <reporter-output>
          </reporter-output>
        </test-method> <!-- runScenario -->
        <test-method signature="runScenario(io.cucumber.testng.PickleWrapper,io.cucumber.testng.FeatureWrapper)[pri:0, instance:testRunner.TestRun2@5fdcaa40]" started-at="2024-03-01T15:39:51 IST" name="runScenario" description="Runs Cucumber Scenarios" data-provider="scenarios" finished-at="2024-03-01T15:39:59 IST" duration-ms="8074" status="PASS">
          <params>
            <param index="0">
              <value>
                <![CDATA["Validate Solution dropdown"]]>
              </value>
            </param>
            <param index="1">
              <value>
                <![CDATA["A Smoke Testing"]]>
              </value>
            </param>
          </params>
          <reporter-output>
          </reporter-output>
        </test-method> <!-- runScenario -->
        <test-method signature="runScenario(io.cucumber.testng.PickleWrapper,io.cucumber.testng.FeatureWrapper)[pri:0, instance:testRunner.TestRun2@5fdcaa40]" started-at="2024-03-01T15:39:59 IST" name="runScenario" description="Runs Cucumber Scenarios" data-provider="scenarios" finished-at="2024-03-01T15:40:06 IST" duration-ms="7119" status="PASS">
          <params>
            <param index="0">
              <value>
                <![CDATA["Validate Solution dropdown options"]]>
              </value>
            </param>
            <param index="1">
              <value>
                <![CDATA["A Smoke Testing"]]>
              </value>
            </param>
          </params>
          <reporter-output>
          </reporter-output>
        </test-method> <!-- runScenario -->
        <test-method signature="runScenario(io.cucumber.testng.PickleWrapper,io.cucumber.testng.FeatureWrapper)[pri:0, instance:testRunner.TestRun2@5fdcaa40]" started-at="2024-03-01T15:40:06 IST" name="runScenario" description="Runs Cucumber Scenarios" data-provider="scenarios" finished-at="2024-03-01T15:40:29 IST" duration-ms="23431" status="PASS">
          <params>
            <param index="0">
              <value>
                <![CDATA["Search For Courses"]]>
              </value>
            </param>
            <param index="1">
              <value>
                <![CDATA["MainFeatureFile"]]>
              </value>
            </param>
          </params>
          <reporter-output>
          </reporter-output>
        </test-method> <!-- runScenario -->
        <test-method signature="runScenario(io.cucumber.testng.PickleWrapper,io.cucumber.testng.FeatureWrapper)[pri:0, instance:testRunner.TestRun2@5fdcaa40]" started-at="2024-03-01T15:40:29 IST" name="runScenario" description="Runs Cucumber Scenarios" data-provider="scenarios" finished-at="2024-03-01T15:40:49 IST" duration-ms="19228" status="PASS">
          <params>
            <param index="0">
              <value>
                <![CDATA["Capture Course Details"]]>
              </value>
            </param>
            <param index="1">
              <value>
                <![CDATA["MainFeatureFile"]]>
              </value>
            </param>
          </params>
          <reporter-output>
          </reporter-output>
        </test-method> <!-- runScenario -->
        <test-method signature="runScenario(io.cucumber.testng.PickleWrapper,io.cucumber.testng.FeatureWrapper)[pri:0, instance:testRunner.TestRun2@5fdcaa40]" started-at="2024-03-01T15:40:49 IST" name="runScenario" description="Runs Cucumber Scenarios" data-provider="scenarios" finished-at="2024-03-01T15:41:05 IST" duration-ms="16566" status="PASS">
          <params>
            <param index="0">
              <value>
                <![CDATA["Language Learning"]]>
              </value>
            </param>
            <param index="1">
              <value>
                <![CDATA["MainFeatureFile"]]>
              </value>
            </param>
          </params>
          <reporter-output>
          </reporter-output>
        </test-method> <!-- runScenario -->
        <test-method signature="runScenario(io.cucumber.testng.PickleWrapper,io.cucumber.testng.FeatureWrapper)[pri:0, instance:testRunner.TestRun2@5fdcaa40]" started-at="2024-03-01T15:41:05 IST" name="runScenario" description="Runs Cucumber Scenarios" data-provider="scenarios" finished-at="2024-03-01T15:42:08 IST" duration-ms="63127" status="PASS">
          <params>
            <param index="0">
              <value>
                <![CDATA["Navigate to form"]]>
              </value>
            </param>
            <param index="1">
              <value>
                <![CDATA["MainFeatureFile"]]>
              </value>
            </param>
          </params>
          <reporter-output>
          </reporter-output>
        </test-method> <!-- runScenario -->
        <test-method signature="runScenario(io.cucumber.testng.PickleWrapper,io.cucumber.testng.FeatureWrapper)[pri:0, instance:testRunner.TestRun2@5fdcaa40]" started-at="2024-03-01T15:42:08 IST" name="runScenario" description="Runs Cucumber Scenarios" data-provider="scenarios" finished-at="2024-03-01T15:42:49 IST" duration-ms="40385" status="PASS">
          <params>
            <param index="0">
              <value>
                <![CDATA["Fill The Form"]]>
              </value>
            </param>
            <param index="1">
              <value>
                <![CDATA["MainFeatureFile"]]>
              </value>
            </param>
          </params>
          <reporter-output>
          </reporter-output>
        </test-method> <!-- runScenario -->
        <test-method signature="runScenario(io.cucumber.testng.PickleWrapper,io.cucumber.testng.FeatureWrapper)[pri:0, instance:testRunner.TestRun2@5fdcaa40]" started-at="2024-03-01T15:42:49 IST" name="runScenario" description="Runs Cucumber Scenarios" data-provider="scenarios" finished-at="2024-03-01T15:43:26 IST" duration-ms="37521" status="PASS">
          <params>
            <param index="0">
              <value>
                <![CDATA["Fill The Form"]]>
              </value>
            </param>
            <param index="1">
              <value>
                <![CDATA["MainFeatureFile"]]>
              </value>
            </param>
          </params>
          <reporter-output>
          </reporter-output>
        </test-method> <!-- runScenario -->
        <test-method signature="runScenario(io.cucumber.testng.PickleWrapper,io.cucumber.testng.FeatureWrapper)[pri:0, instance:testRunner.TestRun2@5fdcaa40]" started-at="2024-03-01T15:43:26 IST" name="runScenario" description="Runs Cucumber Scenarios" data-provider="scenarios" finished-at="2024-03-01T15:43:39 IST" duration-ms="13293" status="PASS">
          <params>
            <param index="0">
              <value>
                <![CDATA["Validate Search Functionality"]]>
              </value>
            </param>
            <param index="1">
              <value>
                <![CDATA["Regression Feature"]]>
              </value>
            </param>
          </params>
          <reporter-output>
          </reporter-output>
        </test-method> <!-- runScenario -->
        <test-method signature="runScenario(io.cucumber.testng.PickleWrapper,io.cucumber.testng.FeatureWrapper)[pri:0, instance:testRunner.TestRun2@5fdcaa40]" started-at="2024-03-01T15:43:39 IST" name="runScenario" description="Runs Cucumber Scenarios" data-provider="scenarios" finished-at="2024-03-01T15:44:44 IST" duration-ms="64651" status="PASS">
          <params>
            <param index="0">
              <value>
                <![CDATA["Validate Language Filters"]]>
              </value>
            </param>
            <param index="1">
              <value>
                <![CDATA["Regression Feature"]]>
              </value>
            </param>
          </params>
          <reporter-output>
          </reporter-output>
        </test-method> <!-- runScenario -->
        <test-method signature="runScenario(io.cucumber.testng.PickleWrapper,io.cucumber.testng.FeatureWrapper)[pri:0, instance:testRunner.TestRun2@5fdcaa40]" started-at="2024-03-01T15:44:44 IST" name="runScenario" description="Runs Cucumber Scenarios" data-provider="scenarios" finished-at="2024-03-01T15:45:01 IST" duration-ms="17371" status="PASS">
          <params>
            <param index="0">
              <value>
                <![CDATA["Validate Level Filters"]]>
              </value>
            </param>
            <param index="1">
              <value>
                <![CDATA["Regression Feature"]]>
              </value>
            </param>
          </params>
          <reporter-output>
          </reporter-output>
        </test-method> <!-- runScenario -->
        <test-method signature="runScenario(io.cucumber.testng.PickleWrapper,io.cucumber.testng.FeatureWrapper)[pri:0, instance:testRunner.TestRun2@5fdcaa40]" started-at="2024-03-01T15:45:01 IST" name="runScenario" description="Runs Cucumber Scenarios" data-provider="scenarios" finished-at="2024-03-01T15:45:18 IST" duration-ms="16863" status="PASS">
          <params>
            <param index="0">
              <value>
                <![CDATA["Validate Course Details"]]>
              </value>
            </param>
            <param index="1">
              <value>
                <![CDATA["Regression Feature"]]>
              </value>
            </param>
          </params>
          <reporter-output>
          </reporter-output>
        </test-method> <!-- runScenario -->
        <test-method signature="runScenario(io.cucumber.testng.PickleWrapper,io.cucumber.testng.FeatureWrapper)[pri:0, instance:testRunner.TestRun2@5fdcaa40]" started-at="2024-03-01T15:45:18 IST" name="runScenario" description="Runs Cucumber Scenarios" data-provider="scenarios" finished-at="2024-03-01T15:45:59 IST" duration-ms="41119" status="PASS">
          <params>
            <param index="0">
              <value>
                <![CDATA["Validate Form Registration"]]>
              </value>
            </param>
            <param index="1">
              <value>
                <![CDATA["Regression Feature"]]>
              </value>
            </param>
          </params>
          <reporter-output>
          </reporter-output>
        </test-method> <!-- runScenario -->
        <test-method signature="runScenario(io.cucumber.testng.PickleWrapper,io.cucumber.testng.FeatureWrapper)[pri:0, instance:testRunner.TestRun2@5fdcaa40]" started-at="2024-03-01T15:45:59 IST" name="runScenario" description="Runs Cucumber Scenarios" data-provider="scenarios" finished-at="2024-03-01T15:46:36 IST" duration-ms="36123" status="PASS">
          <params>
            <param index="0">
              <value>
                <![CDATA["Validate Form Registration"]]>
              </value>
            </param>
            <param index="1">
              <value>
                <![CDATA["Regression Feature"]]>
              </value>
            </param>
          </params>
          <reporter-output>
          </reporter-output>
        </test-method> <!-- runScenario -->
        <test-method signature="runScenario(io.cucumber.testng.PickleWrapper,io.cucumber.testng.FeatureWrapper)[pri:0, instance:testRunner.TestRun2@5fdcaa40]" started-at="2024-03-01T15:46:36 IST" name="runScenario" description="Runs Cucumber Scenarios" data-provider="scenarios" finished-at="2024-03-01T15:47:13 IST" duration-ms="37528" status="PASS">
          <params>
            <param index="0">
              <value>
                <![CDATA["Validate Form Registration"]]>
              </value>
            </param>
            <param index="1">
              <value>
                <![CDATA["Regression Feature"]]>
              </value>
            </param>
          </params>
          <reporter-output>
          </reporter-output>
        </test-method> <!-- runScenario -->
        <test-method signature="runScenario(io.cucumber.testng.PickleWrapper,io.cucumber.testng.FeatureWrapper)[pri:0, instance:testRunner.TestRun2@5fdcaa40]" started-at="2024-03-01T15:47:13 IST" name="runScenario" description="Runs Cucumber Scenarios" data-provider="scenarios" finished-at="2024-03-01T15:48:24 IST" duration-ms="71177" status="PASS">
          <params>
            <param index="0">
              <value>
                <![CDATA["Validate Form Registration"]]>
              </value>
            </param>
            <param index="1">
              <value>
                <![CDATA["Regression Feature"]]>
              </value>
            </param>
          </params>
          <reporter-output>
          </reporter-output>
        </test-method> <!-- runScenario -->
        <test-method is-config="true" signature="tearDownClass()[pri:0, instance:testRunner.TestRun2@5fdcaa40]" started-at="2024-03-01T15:48:24 IST" name="tearDownClass" finished-at="2024-03-01T15:48:30 IST" duration-ms="6099" status="PASS">
          <reporter-output>
          </reporter-output>
        </test-method> <!-- tearDownClass -->
      </class> <!-- testRunner.TestRun2 -->
    </test> <!-- Surefire test -->
  </suite> <!-- Surefire suite -->
</testng-results>
