<?xml version="1.0" encoding="UTF-8"?>
<!-- Generated by org.testng.reporters.JUnitXMLReporter -->
<testsuite ignored="8" hostname="LTIN202390" failures="0" tests="19" name="ETest" time="221.844" errors="0" timestamp="2024-03-01T11:03:13 IST">
  <testcase classname="testCases.TS001_SearchCourse" name="SearchCourse" time="22.456"/>
  <testcase classname="testCases.TS001_SearchCourse" name="addFilters" time="1.595"/>
  <testcase classname="testCases.TS001_SearchCourse" name="clickTopTwoCourses" time="7.406"/>
  <testcase classname="testCases.TS002_CourseDetails" name="gotoFirstCourse" time="0.158"/>
  <testcase classname="testCases.TS002_CourseDetails" name="captureFirstCourseDetails" time="5.876"/>
  <testcase classname="testCases.TS002_CourseDetails" name="displayfirstCourse" time="0.002"/>
  <testcase classname="testCases.TS002_CourseDetails" name="gotoSecondCourse" time="0.078"/>
  <testcase classname="testCases.TS002_CourseDetails" name="captureSecondCourseDetails" time="3.449"/>
  <testcase classname="testCases.TS002_CourseDetails" name="displaySecondCourse" time="0.001"/>
  <testcase classname="testCases.TS003_LanguageLearning" name="navigateToHomepage" time="14.119"/>
  <testcase classname="testCases.TS003_LanguageLearning" name="captureAllLanguage" time="1.948"/>
  <testcase classname="testCases.TS003_LanguageLearning" name="getAlllevels" time="0.194"/>
  <testcase classname="testCases.TS003_LanguageLearning" name="displayLanguagesLevels" time="0.001"/>
  <testcase classname="testCases.TS004_FormRegistrationValid" name="clickEnterprise" time="8.417"/>
  <testcase classname="testCases.TS004_FormRegistrationValid" name="navigateToFormPage" time="7.916"/>
  <testcase classname="testCases.TS004_FormRegistrationValid" name="fillForm" time="71.259"/>
  <testcase classname="testCases.TS005_FormRegistrationInvalid" name="clickEnterprise" time="7.852"/>
  <testcase classname="testCases.TS005_FormRegistrationInvalid" name="navigateToFormPage" time="7.855"/>
  <testcase classname="testCases.TS005_FormRegistrationInvalid" name="fillForm" time="30.405"/>
  <testcase classname="testBase.BaseClass" name="@AfterTest tearDown" time="0.0">
    <ignored/>
  </testcase> <!-- @AfterTest tearDown -->
  <testcase classname="testBase.BaseClass" name="@AfterTest tearDown" time="0.0">
    <ignored/>
  </testcase> <!-- @AfterTest tearDown -->
  <testcase classname="testBase.BaseClass" name="@AfterTest tearDown" time="0.0">
    <ignored/>
  </testcase> <!-- @AfterTest tearDown -->
  <testcase classname="testBase.BaseClass" name="@AfterTest tearDown" time="0.0">
    <ignored/>
  </testcase> <!-- @AfterTest tearDown -->
  <testcase classname="testBase.BaseClass" name="@BeforeTest setupDriver" time="0.0">
    <ignored/>
  </testcase> <!-- @BeforeTest setupDriver -->
  <testcase classname="testBase.BaseClass" name="@BeforeTest setupDriver" time="0.0">
    <ignored/>
  </testcase> <!-- @BeforeTest setupDriver -->
  <testcase classname="testBase.BaseClass" name="@BeforeTest setupDriver" time="0.0">
    <ignored/>
  </testcase> <!-- @BeforeTest setupDriver -->
  <testcase classname="testBase.BaseClass" name="@BeforeTest setupDriver" time="0.0">
    <ignored/>
  </testcase> <!-- @BeforeTest setupDriver -->
</testsuite> <!-- ETest -->
