<?xml version="1.0" encoding="UTF-8"?>
<!-- Generated by org.testng.reporters.JUnitXMLReporter -->
<testsuite ignored="10" hostname="LTIN202390" failures="0" tests="34" name="Test" time="243.369" errors="0" timestamp="2024-03-12T14:14:26 IST">
  <testcase classname="testCases.TS00_Smoke" name="launchBrowser" time="0.024"/>
  <testcase classname="testCases.TS00_Smoke" name="navigateURL" time="4.932"/>
  <testcase classname="testCases.TS00_Smoke" name="verifypPageLoad" time="0.071"/>
  <testcase classname="testCases.TS00_Smoke" name="verifyCourseraHomepage" time="6.118"/>
  <testcase classname="testCases.TS00_Smoke" name="isSearchBoxDisplayed" time="0.129"/>
  <testcase classname="testCases.TS00_Smoke" name="verifySearch" time="10.969"/>
  <testcase classname="testCases.TS00_Smoke" name="verifyResults" time="0.12"/>
  <testcase classname="testCases.TS00_Smoke" name="verifyLanguageOptions" time="1.707"/>
  <testcase classname="testCases.TS00_Smoke" name="verifyLevelOptions" time="3.823"/>
  <testcase classname="testCases.TS00_Smoke" name="verifyIndividualLink" time="3.77"/>
  <testcase classname="testCases.TS00_Smoke" name="verifyBuisenessLink" time="9.409"/>
  <testcase classname="testCases.TS00_Smoke" name="verifyUniversitiesLink" time="4.759"/>
  <testcase classname="testCases.TS00_Smoke" name="verifySolutionOptions" time="1.182"/>
  <testcase classname="testCases.TS00_Smoke" name="verifySolutionsLink" time="5.784"/>
  <testcase classname="testCases.TS00_Smoke" name="verifyForCampusLink" time="3.993"/>
  <testcase classname="testCases.TS001_SearchCourse" name="SearchCourse" time="15.048"/>
  <testcase classname="testCases.TS001_SearchCourse" name="addFilters" time="1.907"/>
  <testcase classname="testCases.TS001_SearchCourse" name="clickTopTwoCourses" time="7.08"/>
  <testcase classname="testCases.TS002_CourseDetails" name="gotoFirstCourse" time="1.001"/>
  <testcase classname="testCases.TS002_CourseDetails" name="captureFirstCourseDetails" time="5.854"/>
  <testcase classname="testCases.TS002_CourseDetails" name="displayfirstCourse" time="0.003"/>
  <testcase classname="testCases.TS002_CourseDetails" name="gotoSecondCourse" time="0.031"/>
  <testcase classname="testCases.TS002_CourseDetails" name="captureSecondCourseDetails" time="3.551"/>
  <testcase classname="testCases.TS002_CourseDetails" name="displaySecondCourse" time="0.002"/>
  <testcase classname="testCases.TS003_LanguageLearning" name="navigateToHomepage" time="14.515"/>
  <testcase classname="testCases.TS003_LanguageLearning" name="captureAllLanguage" time="2.16"/>
  <testcase classname="testCases.TS003_LanguageLearning" name="getAlllevels" time="0.265"/>
  <testcase classname="testCases.TS003_LanguageLearning" name="displayLanguagesLevels" time="0.003"/>
  <testcase classname="testCases.TS004_FormRegistrationValid" name="clickEnterprise" time="6.016"/>
  <testcase classname="testCases.TS004_FormRegistrationValid" name="navigateToFormPage" time="8.657"/>
  <testcase classname="testCases.TS004_FormRegistrationValid" name="fillForm" time="32.576"/>
  <testcase classname="testCases.TS005_FormRegistrationInvalid" name="clickEnterprise" time="6.625"/>
  <testcase classname="testCases.TS005_FormRegistrationInvalid" name="navigateToFormPage" time="5.826"/>
  <testcase classname="testCases.TS005_FormRegistrationInvalid" name="fillForm" time="34.561"/>
  <testcase classname="testBase.BaseClass" name="@AfterTest tearDown" time="0.0">
    <ignored/>
  </testcase> <!-- @AfterTest tearDown -->
  <testcase classname="testBase.BaseClass" name="@AfterTest tearDown" time="0.0">
    <ignored/>
  </testcase> <!-- @AfterTest tearDown -->
  <testcase classname="testBase.BaseClass" name="@AfterTest tearDown" time="0.0">
    <ignored/>
  </testcase> <!-- @AfterTest tearDown -->
  <testcase classname="testBase.BaseClass" name="@AfterTest tearDown" time="0.0">
    <ignored/>
  </testcase> <!-- @AfterTest tearDown -->
  <testcase classname="testBase.BaseClass" name="@AfterTest tearDown" time="0.0">
    <ignored/>
  </testcase> <!-- @AfterTest tearDown -->
  <testcase classname="testBase.BaseClass" name="@BeforeTest setupDriver" time="0.0">
    <ignored/>
  </testcase> <!-- @BeforeTest setupDriver -->
  <testcase classname="testBase.BaseClass" name="@BeforeTest setupDriver" time="0.0">
    <ignored/>
  </testcase> <!-- @BeforeTest setupDriver -->
  <testcase classname="testBase.BaseClass" name="@BeforeTest setupDriver" time="0.0">
    <ignored/>
  </testcase> <!-- @BeforeTest setupDriver -->
  <testcase classname="testBase.BaseClass" name="@BeforeTest setupDriver" time="0.0">
    <ignored/>
  </testcase> <!-- @BeforeTest setupDriver -->
  <testcase classname="testBase.BaseClass" name="@BeforeTest setupDriver" time="0.0">
    <ignored/>
  </testcase> <!-- @BeforeTest setupDriver -->
</testsuite> <!-- Test -->
